# JRE version: Java(TM) SE Runtime Environment (17.0.12+8) (build 17.0.12+8-LTS-286)
# Java VM: Java HotSpot(TM) 64-Bit Server VM (17.0.12+8-LTS-286, mixed mode, sharing, tiered, compressed oops, compressed class ptrs, g1 gc, windows-amd64)
GC Precious Log:
 CPUs: 12 total, 12 available
 Memory: 7860M
 Large Page Support: Disabled
 NUMA Support: Disabled
 Compressed Oops: Enabled (32-bit)
 Heap Region Size: 1M
 Heap Min Capacity: 8M
 Heap Initial Capacity: 124M
 Heap Max Capacity: 1966M
 Pre-touch: Disabled
 Parallel Workers: 10
 Concurrent Workers: 3
 Concurrent Refinement Workers: 10
 Periodic GC: Disabled
Heap:
 garbage-first heap   total 87040K, used 66386K [0x0000000085200000, 0x0000000100000000)
  region size 1024K, 38 young (38912K), 3 survivors (3072K)
 Metaspace       used 58004K, committed 58624K, reserved 1114112K
  class space    used 7133K, committed 7424K, reserved 1048576K
GC Heap History (20 events):
Event: 4507.631 GC heap before
{Heap before GC invocations=23 (full 0):
 garbage-first heap   total 87040K, used 71882K [0x0000000085200000, 0x0000000100000000)
  region size 1024K, 42 young (43008K), 2 survivors (2048K)
 Metaspace       used 54789K, committed 55296K, reserved 1114112K
  class space    used 6886K, committed 7168K, reserved 1048576K
}
Event: 4507.699 GC heap after
{Heap after GC invocations=24 (full 0):
 garbage-first heap   total 87040K, used 31153K [0x0000000085200000, 0x0000000100000000)
  region size 1024K, 2 young (2048K), 2 survivors (2048K)
 Metaspace       used 54789K, committed 55296K, reserved 1114112K
  class space    used 6886K, committed 7168K, reserved 1048576K
}
Event: 5547.539 GC heap before
{Heap before GC invocations=24 (full 0):
 garbage-first heap   total 87040K, used 72113K [0x0000000085200000, 0x0000000100000000)
  region size 1024K, 42 young (43008K), 2 survivors (2048K)
 Metaspace       used 54982K, committed 55552K, reserved 1114112K
  class space    used 6887K, committed 7168K, reserved 1048576K
}
Event: 5547.638 GC heap after
{Heap after GC invocations=25 (full 0):
 garbage-first heap   total 87040K, used 31110K [0x0000000085200000, 0x0000000100000000)
  region size 1024K, 2 young (2048K), 2 survivors (2048K)
 Metaspace       used 54982K, committed 55552K, reserved 1114112K
  class space    used 6887K, committed 7168K, reserved 1048576K
}
Event: 6639.024 GC heap before
{Heap before GC invocations=25 (full 0):
 garbage-first heap   total 87040K, used 73094K [0x0000000085200000, 0x0000000100000000)
  region size 1024K, 43 young (44032K), 2 survivors (2048K)
 Metaspace       used 55297K, committed 55872K, reserved 1114112K
  class space    used 6888K, committed 7168K, reserved 1048576K
}
Event: 6639.100 GC heap after
{Heap after GC invocations=26 (full 0):
 garbage-first heap   total 87040K, used 31138K [0x0000000085200000, 0x0000000100000000)
  region size 1024K, 2 young (2048K), 2 survivors (2048K)
 Metaspace       used 55297K, committed 55872K, reserved 1114112K
  class space    used 6888K, committed 7168K, reserved 1048576K
}
Event: 7666.949 GC heap before
{Heap before GC invocations=26 (full 0):
 garbage-first heap   total 87040K, used 73122K [0x0000000085200000, 0x0000000100000000)
  region size 1024K, 43 young (44032K), 2 survivors (2048K)
 Metaspace       used 55653K, committed 56128K, reserved 1114112K
  class space    used 6925K, committed 7168K, reserved 1048576K
}
Event: 7667.144 GC heap after
{Heap after GC invocations=27 (full 0):
 garbage-first heap   total 87040K, used 31286K [0x0000000085200000, 0x0000000100000000)
  region size 1024K, 2 young (2048K), 2 survivors (2048K)
 Metaspace       used 55653K, committed 56128K, reserved 1114112K
  class space    used 6925K, committed 7168K, reserved 1048576K
}
Event: 8763.852 GC heap before
{Heap before GC invocations=27 (full 0):
 garbage-first heap   total 87040K, used 74294K [0x0000000085200000, 0x0000000100000000)
  region size 1024K, 44 young (45056K), 2 survivors (2048K)
 Metaspace       used 55851K, committed 56384K, reserved 1114112K
  class space    used 6925K, committed 7168K, reserved 1048576K
}
Event: 8763.904 GC heap after
{Heap after GC invocations=28 (full 0):
 garbage-first heap   total 87040K, used 31215K [0x0000000085200000, 0x0000000100000000)
  region size 1024K, 2 young (2048K), 2 survivors (2048K)
 Metaspace       used 55851K, committed 56384K, reserved 1114112K
  class space    used 6925K, committed 7168K, reserved 1048576K
}
Event: 9870.847 GC heap before
{Heap before GC invocations=28 (full 0):
 garbage-first heap   total 87040K, used 74223K [0x0000000085200000, 0x0000000100000000)
  region size 1024K, 44 young (45056K), 2 survivors (2048K)
 Metaspace       used 55921K, committed 56512K, reserved 1114112K
  class space    used 6926K, committed 7232K, reserved 1048576K
}
Event: 9870.944 GC heap after
{Heap after GC invocations=29 (full 0):
 garbage-first heap   total 87040K, used 31222K [0x0000000085200000, 0x0000000100000000)
  region size 1024K, 2 young (2048K), 2 survivors (2048K)
 Metaspace       used 55921K, committed 56512K, reserved 1114112K
  class space    used 6926K, committed 7232K, reserved 1048576K
}
Event: 10859.940 GC heap before
{Heap before GC invocations=29 (full 0):
 garbage-first heap   total 87040K, used 74230K [0x0000000085200000, 0x0000000100000000)
  region size 1024K, 44 young (45056K), 2 survivors (2048K)
 Metaspace       used 57702K, committed 58304K, reserved 1114112K
  class space    used 7127K, committed 7424K, reserved 1048576K
}
Event: 10860.049 GC heap after
{Heap after GC invocations=30 (full 0):
 garbage-first heap   total 87040K, used 31720K [0x0000000085200000, 0x0000000100000000)
  region size 1024K, 3 young (3072K), 3 survivors (3072K)
 Metaspace       used 57702K, committed 58304K, reserved 1114112K
  class space    used 7127K, committed 7424K, reserved 1048576K
}
Event: 11948.934 GC heap before
{Heap before GC invocations=30 (full 0):
 garbage-first heap   total 87040K, used 73704K [0x0000000085200000, 0x0000000100000000)
  region size 1024K, 44 young (45056K), 3 survivors (3072K)
 Metaspace       used 57785K, committed 58368K, reserved 1114112K
  class space    used 7127K, committed 7424K, reserved 1048576K
}
Event: 11949.011 GC heap after
{Heap after GC invocations=31 (full 0):
 garbage-first heap   total 87040K, used 31670K [0x0000000085200000, 0x0000000100000000)
  region size 1024K, 3 young (3072K), 3 survivors (3072K)
 Metaspace       used 57785K, committed 58368K, reserved 1114112K
  class space    used 7127K, committed 7424K, reserved 1048576K
}
Event: 13216.526 GC heap before
{Heap before GC invocations=31 (full 0):
 garbage-first heap   total 87040K, used 73654K [0x0000000085200000, 0x0000000100000000)
  region size 1024K, 44 young (45056K), 3 survivors (3072K)
 Metaspace       used 57846K, committed 58432K, reserved 1114112K
  class space    used 7127K, committed 7424K, reserved 1048576K
}
Event: 13216.656 GC heap after
{Heap after GC invocations=32 (full 0):
 garbage-first heap   total 87040K, used 31643K [0x0000000085200000, 0x0000000100000000)
  region size 1024K, 3 young (3072K), 3 survivors (3072K)
 Metaspace       used 57846K, committed 58432K, reserved 1114112K
  class space    used 7127K, committed 7424K, reserved 1048576K
}
Event: 14340.273 GC heap before
{Heap before GC invocations=32 (full 0):
 garbage-first heap   total 87040K, used 73627K [0x0000000085200000, 0x0000000100000000)
  region size 1024K, 44 young (45056K), 3 survivors (3072K)
 Metaspace       used 57884K, committed 58432K, reserved 1114112K
  class space    used 7128K, committed 7424K, reserved 1048576K
}
Event: 14340.391 GC heap after
{Heap after GC invocations=33 (full 0):
 garbage-first heap   total 87040K, used 31570K [0x0000000085200000, 0x0000000100000000)
  region size 1024K, 3 young (3072K), 3 survivors (3072K)
 Metaspace       used 57884K, committed 58432K, reserved 1114112K
  class space    used 7128K, committed 7424K, reserved 1048576K
}

